<?xml version="1.0" encoding="UTF-8"?>
<!-- Generated by org.testng.reporters.JUnitXMLReporter -->
<testsuite ignored="1" hostname="KrazY" failures="0" tests="1" name="Default test" time="30.429" errors="0" timestamp="2024-03-26T13:34:00 IST">
  <testcase classname="com.shopnow.qa.tests.CheckOutTest" name="verifyCorrectProduchAddedInCart" time="1.037"/>
  <testcase classname="com.shopnow.qa.tests.CheckOutTest" name="verifyToPlaceAnOrder" time="0.0">
    <ignored/>
  </testcase> <!-- verifyToPlaceAnOrder -->
</testsuite> <!-- Default test -->
