<?xml version="1.0" encoding="UTF-8"?>
<testng-results ignored="0" total="1" passed="1" failed="0" skipped="0">
  <reporter-output>
  </reporter-output>
  <suite started-at="2024-03-26T13:33:30 IST" name="Default suite" finished-at="2024-03-26T13:34:00 IST" duration-ms="30429">
    <groups>
    </groups>
    <test started-at="2024-03-26T13:33:30 IST" name="Default test" finished-at="2024-03-26T13:34:00 IST" duration-ms="30429">
      <class name="com.shopnow.qa.tests.CheckOutTest">
        <test-method is-config="true" signature="setup()[pri:0, instance:com.shopnow.qa.tests.CheckOutTest@74e28667]" started-at="2024-03-26T13:33:30 IST" name="setup" finished-at="2024-03-26T13:33:59 IST" duration-ms="28552" status="PASS">
          <reporter-output>
          </reporter-output>
        </test-method> <!-- setup -->
        <test-method signature="verifyCorrectProduchAddedInCart()[pri:1, instance:com.shopnow.qa.tests.CheckOutTest@74e28667]" started-at="2024-03-26T13:33:59 IST" name="verifyCorrectProduchAddedInCart" finished-at="2024-03-26T13:34:00 IST" duration-ms="1037" status="PASS">
          <reporter-output>
          </reporter-output>
        </test-method> <!-- verifyCorrectProduchAddedInCart -->
        <test-method is-config="true" signature="tearDown()[pri:0, instance:com.shopnow.qa.tests.CheckOutTest@74e28667]" started-at="2024-03-26T13:34:00 IST" name="tearDown" finished-at="2024-03-26T13:34:00 IST" duration-ms="616" status="PASS">
          <reporter-output>
          </reporter-output>
        </test-method> <!-- tearDown -->
      </class> <!-- com.shopnow.qa.tests.CheckOutTest -->
    </test> <!-- Default test -->
  </suite> <!-- Default suite -->
</testng-results>
