<?xml version="1.0" encoding="UTF-8"?>
<!-- Generated by org.testng.reporters.JUnitXMLReporter -->
<testsuite ignored="0" hostname="KrazY" failures="1" tests="8" name="ShopNow Test" time="151.685" errors="0" timestamp="2024-03-17T12:27:16 IST">
  <testcase classname="com.shopnow.qa.tests.HomeTest" name="verifyWebsiteLoadSuccessfully" time="9.851"/>
  <testcase classname="com.shopnow.qa.tests.SearchTest" name="verifySearchValidProductName" time="10.881"/>
  <testcase classname="com.shopnow.qa.tests.SearchTest" name="verifyToClickOnSearchResultProduct" time="6.096"/>
  <testcase classname="com.shopnow.qa.tests.ProductTest" name="VerifyPincodeFieldAndCheckButton" time="10.872"/>
  <testcase classname="com.shopnow.qa.tests.ProductTest" name="verifyProductAddToBag" time="4.213"/>
  <testcase classname="com.shopnow.qa.tests.CheckOutTest" name="verifyCorrectProduchAddedInCart" time="1.233"/>
  <testcase classname="com.shopnow.qa.tests.CheckOutTest" name="verifyToPlaceAnOrder" time="4.105"/>
  <testcase classname="com.shopnow.qa.tests.LoginTest" name="verifyValidEmailidAndPassword" time="2.946">
    <failure type="java.lang.AssertionError" message="Error detected on the page: &amp;apos;Something&amp;apos;s not right. Please try again.&amp;apos;">
      <![CDATA[java.lang.AssertionError: Error detected on the page: 'Something's not right. Please try again.'
at com.shopnow.qa.pages.LoginPage.enterEmailid(LoginPage.java:57)
at com.shopnow.qa.tests.LoginTest.verifyValidEmailidAndPassword(LoginTest.java:37)
at java.base/java.util.ArrayList.forEach(ArrayList.java:1511)
... Removed 32 stack frames]]>
    </failure>
  </testcase> <!-- verifyValidEmailidAndPassword -->
</testsuite> <!-- ShopNow Test -->
